[2019-11-14 14:34:38] INFO [driver_setup: conftest.py, 25] ――――――――――――开始执行自动化测试――――――――――――――――――
[2019-11-14 14:34:40] INFO [news_init: test_NewsPage.py, 21] 
[2019-11-14 14:34:40] INFO [news_init: test_NewsPage.py, 22] ****开始执行用例****
[2019-11-14 14:34:40] INFO [useApp: base.py, 29] stop： com.android.browser
[2019-11-14 14:34:43] INFO [useApp: base.py, 29] start： com.android.browser
[2019-11-14 14:34:45] INFO [elementIsExit: base.py, 147] 查询到元素： com.android.browser:id/home
[2019-11-14 14:34:46] INFO [clickByElement: base.py, 73] 点击元素: 浏览器首页home菜单
[2019-11-14 14:34:48] INFO [elementIsExit: base.py, 147] 查询到元素： 已保存网页
[2019-11-14 14:34:48] INFO [elementIsExit: base.py, 147] 查询到元素： com.android.browser:id/home
[2019-11-14 14:34:49] INFO [clickByElement: base.py, 73] 点击元素: 浏览器首页home菜单
[2019-11-14 14:34:49] INFO [elementIsExit: base.py, 147] 查询到元素： com.android.browser:id/refresh
[2019-11-14 14:34:50] INFO [clickByElement: base.py, 73] 点击元素: 资讯
[2019-11-14 14:34:50] INFO [elementIsExit: base.py, 147] 查询到元素： com.android.browser:id/news_sdk_recycle_item_text_title
[2019-11-14 14:34:50] INFO [elementText: base.py, 213] 提取元素文本: 获取资讯流列表的文章标题内容
[2019-11-14 14:34:51] INFO [elementIsExit: base.py, 147] 查询到元素： 资讯
[2019-11-14 14:34:53] INFO [dragByElement: base.py, 296] 选择一个位置拖拽到另一个位置： 2次
[2019-11-14 14:34:53] INFO [elementIsExit: base.py, 147] 查询到元素： com.android.browser:id/news_sdk_recycle_item_text_title
[2019-11-14 14:34:53] INFO [elementText: base.py, 213] 提取元素文本: 获取资讯流列表的文章标题内容
[2019-11-14 14:34:53] INFO [assertEqual: base.py, 199] 元素匹配，断言成功，元素名称为： 王重阳并非天下无敌， 有三人没参加华山论剑， 否则结局会大不一样 预计在11月， 喜鹊枝头叫， 求得姻缘上上签， 喜结良缘喜脱单的生肖
[2019-11-14 14:34:54] INFO [elementIsExit: base.py, 147] 查询到元素： 头条
[2019-11-14 14:35:02] INFO [scrollToElement: base.py, 121] 滑动查找元素： 上次看到这里，点击刷新
[2019-11-14 14:35:02] INFO [elementIsExit: base.py, 147] 查询到元素： 上次看到这里，点击刷新
[2019-11-14 14:35:03] INFO [clickByElement: base.py, 73] 点击元素: 点击刷新提示语“上次看到这里，点击刷新”，刷新资讯流内容
[2019-11-14 14:35:05] INFO [elementIsExit: base.py, 147] 查询到元素： com.android.browser:id/news_sdk_recycle_item_text_title
[2019-11-14 14:35:05] INFO [elementText: base.py, 213] 提取元素文本: 获取资讯流列表的文章标题内容
[2019-11-14 14:35:07] INFO [assertEqual: base.py, 199] 元素匹配，断言成功，元素名称为： 预计在11月， 喜鹊枝头叫， 求得姻缘上上签， 喜结良缘喜脱单的生肖 搞笑运动会： 快来看看学校运动会，那些搞笑逗比的同学，全是人才
[2019-11-14 14:35:08] INFO [elementIsExit: base.py, 147] 查询到元素： 资讯
[2019-11-14 14:35:24] INFO [scroll: base.py, 107] 滑动页面： 5次
[2019-11-14 14:35:24] INFO [elementIsExit: base.py, 147] 查询到元素： com.android.browser:id/news_sdk_recycle_item_text_title
[2019-11-14 14:35:25] INFO [elementText: base.py, 213] 提取元素文本: 获取资讯流列表的文章标题内容
[2019-11-14 14:35:25] INFO [assertEqual: base.py, 199] 元素匹配，断言成功，元素名称为： 搞笑运动会： 快来看看学校运动会，那些搞笑逗比的同学，全是人才 预计在11月， 喜鹊枝头叫， 求得姻缘上上签， 喜结良缘喜脱单的生肖
[2019-11-14 14:35:25] INFO [news_init: test_NewsPage.py, 29] ****用例执行结束****
[2019-11-14 14:35:25] INFO [news_init: test_NewsPage.py, 30] 
[2019-11-14 14:35:25] INFO [driver_setup: conftest.py, 25] ――――――――――――开始执行自动化测试――――――――――――――――――
[2019-11-14 14:35:27] INFO [news_init: test_NewsPage.py, 21] 
[2019-11-14 14:35:27] INFO [news_init: test_NewsPage.py, 22] ****开始执行用例****
[2019-11-14 14:35:27] INFO [useApp: base.py, 29] stop： com.android.browser
[2019-11-14 14:35:30] INFO [useApp: base.py, 29] start： com.android.browser
[2019-11-14 14:35:33] INFO [elementIsExit: base.py, 147] 查询到元素： com.android.browser:id/home
[2019-11-14 14:35:34] INFO [clickByElement: base.py, 73] 点击元素: 浏览器首页home菜单
[2019-11-14 14:35:34] INFO [elementIsExit: base.py, 147] 查询到元素： 已保存网页
[2019-11-14 14:35:34] INFO [elementIsExit: base.py, 147] 查询到元素： com.android.browser:id/home
[2019-11-14 14:35:35] INFO [clickByElement: base.py, 73] 点击元素: 浏览器首页home菜单
[2019-11-14 14:35:35] INFO [elementIsExit: base.py, 147] 查询到元素： com.android.browser:id/refresh
[2019-11-14 14:35:36] INFO [clickByElement: base.py, 73] 点击元素: 资讯
[2019-11-14 14:35:37] INFO [elementIsExit: base.py, 147] 查询到元素： com.android.browser:id/expend_view
[2019-11-14 14:35:38] INFO [clickByElement: base.py, 73] 点击元素: 资讯流列表点击“倒三角”符号，进入频道管理页面
[2019-11-14 14:35:39] INFO [elementIsExit: base.py, 147] 查询到元素： com.android.browser:id/news_channel_grid_view_added
[2019-11-14 14:35:40] INFO [clickByElement: base.py, 73] 点击元素: 我的频道管理页面，选择点击“频道”，进入资讯流列表
[2019-11-14 14:35:42] INFO [elementIsExit: base.py, 147] 查询到元素： 美女图集
[2019-11-14 14:35:42] INFO [assertTrue: base.py, 179] 已找到元素，断言成功，元素名称为： 美女图集
[2019-11-14 14:35:43] INFO [elementIsExit: base.py, 147] 查询到元素： 美女
[2019-11-14 14:35:43] INFO [clickByElement: base.py, 73] 点击元素: 在美女频道列表中，点击标签，进入标签详情页
[2019-11-14 14:35:44] INFO [elementIsExit: base.py, 147] 查询到元素： com.android.browser:id/news_sdk_recycle_view
[2019-11-14 14:35:44] INFO [assertTrue: base.py, 179] 已找到元素，断言成功，元素名称为： com.android.browser:id/news_sdk_recycle_view
[2019-11-14 14:35:45] INFO [usePhone: base.py, 42] 对设备进行操作，操作动作为： back
[2019-11-14 14:35:46] INFO [elementIsExit: base.py, 147] 查询到元素： 资讯
[2019-11-14 14:35:49] INFO [scroll: base.py, 107] 滑动页面： 1次
[2019-11-14 14:35:49] INFO [elementIsExit: base.py, 147] 查询到元素： 美女
[2019-11-14 14:35:50] INFO [clickByElement: base.py, 73] 点击元素: 在美女频道列表中，点击图片，进入图片详情页
[2019-11-14 14:35:52] INFO [elementIsExit: base.py, 147] 查询到元素： com.android.browser:id/mz_toolbar_nav_button
[2019-11-14 14:35:52] INFO [assertTrue: base.py, 179] 已找到元素，断言成功，元素名称为： com.android.browser:id/mz_toolbar_nav_button
[2019-11-14 14:35:52] INFO [news_init: test_NewsPage.py, 29] ****用例执行结束****
[2019-11-14 14:35:52] INFO [news_init: test_NewsPage.py, 30] 
[2019-11-14 14:35:52] INFO [driver_setup: conftest.py, 25] ――――――――――――开始执行自动化测试――――――――――――――――――
[2019-11-14 14:35:54] INFO [news_init: test_NewsPage.py, 21] 
[2019-11-14 14:35:54] INFO [news_init: test_NewsPage.py, 22] ****开始执行用例****
[2019-11-14 14:35:54] INFO [useApp: base.py, 29] stop： com.android.browser
[2019-11-14 14:35:57] INFO [useApp: base.py, 29] start： com.android.browser
[2019-11-14 14:36:00] INFO [elementIsExit: base.py, 147] 查询到元素： com.android.browser:id/home
[2019-11-14 14:36:01] INFO [clickByElement: base.py, 73] 点击元素: 浏览器首页home菜单
[2019-11-14 14:36:01] INFO [elementIsExit: base.py, 147] 查询到元素： 已保存网页
[2019-11-14 14:36:01] INFO [elementIsExit: base.py, 147] 查询到元素： com.android.browser:id/home
[2019-11-14 14:36:02] INFO [clickByElement: base.py, 73] 点击元素: 浏览器首页home菜单
[2019-11-14 14:36:03] INFO [useApp: base.py, 29] clear： com.android.browser
[2019-11-14 14:36:06] INFO [useApp: base.py, 29] start： com.android.browser
[2019-11-14 14:36:08] INFO [elementIsExit: base.py, 147] 查询到元素： 同意
[2019-11-14 14:36:09] INFO [clickByElement: base.py, 73] 点击元素: 隐私弹窗同意按钮
[2019-11-14 14:36:09] INFO [elementIsExit: base.py, 147] 查询到元素： 始终允许
[2019-11-14 14:36:09] INFO [clickByElement: base.py, 73] 点击元素: 权限弹窗允许按钮
[2019-11-14 14:36:14] INFO [elementIsExit: base.py, 147] 查询到元素： com.android.browser:id/refresh
[2019-11-14 14:36:15] INFO [clickByElement: base.py, 73] 点击元素: 资讯
[2019-11-14 14:36:16] INFO [elementIsExit: base.py, 147] 查询到元素： com.android.browser:id/expend_view
[2019-11-14 14:36:17] INFO [clickByElement: base.py, 73] 点击元素: 资讯流列表点击“倒三角”符号，进入频道管理页面
[2019-11-14 14:36:17] INFO [elementIsExit: base.py, 147] 查询到元素： com.android.browser:id/news_channel_grid_view_added
[2019-11-14 14:36:22] INFO [long_clickByElement: base.py, 249] 长按元素: 我的频道管理页面，长按“头条”频道内容，显示“X”按钮
[2019-11-14 14:36:23] INFO [elementIsExit: base.py, 147] 查询到元素： 头条
[2019-11-14 14:36:23] INFO [clickByElement: base.py, 73] 点击元素: 点击"X"按钮，进行"删除"文章/频道
[2019-11-14 14:36:24] INFO [clickByElement: base.py, 73] 点击元素: 点击"X"按钮，进行"删除"文章/频道
[2019-11-14 14:36:25] INFO [elementIsExit: base.py, 147] 查询到元素： com.android.browser:id/news_channel_grid_view_added
[2019-11-14 14:36:25] INFO [clickByElement: base.py, 73] 点击元素: 我的频道管理页面，点击我的频道的"完成"按钮
[2019-11-14 14:36:26] INFO [elementIsExit: base.py, 147] 查询到元素： com.android.browser:id/news_channel_grid_view_un_added
[2019-11-14 14:36:26] INFO [clickByElement: base.py, 73] 点击元素: 我的频道管理页面，进行"添加"频道
[2019-11-14 14:36:27] INFO [elementIsExit: base.py, 147] 查询到元素： com.android.browser:id/news_channel_grid_view_un_added
[2019-11-14 14:36:28] INFO [clickByElement: base.py, 73] 点击元素: 我的频道管理页面，进行"添加"频道
[2019-11-14 14:36:28] INFO [elementIsExit: base.py, 147] 查询到元素： com.android.browser:id/news_channel_grid_view_added
[2019-11-14 14:36:29] INFO [clickByElement: base.py, 73] 点击元素: 我的频道管理页面，选择点击“频道”，进入资讯流列表
[2019-11-14 14:36:31] INFO [elementIsExit: base.py, 147] 查询到元素： com.android.browser:id/news_sdk_short_video_item_more
[2019-11-14 14:36:31] INFO [assertTrue: base.py, 179] 已找到元素，断言成功，元素名称为： com.android.browser:id/news_sdk_short_video_item_more
[2019-11-14 14:36:31] INFO [news_init: test_NewsPage.py, 29] ****用例执行结束****
[2019-11-14 14:36:31] INFO [news_init: test_NewsPage.py, 30] 
[2019-11-14 14:36:31] INFO [driver_setup: conftest.py, 25] ――――――――――――开始执行自动化测试――――――――――――――――――
[2019-11-14 14:36:33] INFO [news_init: test_NewsPage.py, 21] 
[2019-11-14 14:36:33] INFO [news_init: test_NewsPage.py, 22] ****开始执行用例****
[2019-11-14 14:36:33] INFO [useApp: base.py, 29] stop： com.android.browser
[2019-11-14 14:36:37] INFO [useApp: base.py, 29] start： com.android.browser
[2019-11-14 14:36:40] INFO [elementIsExit: base.py, 147] 查询到元素： com.android.browser:id/home
[2019-11-14 14:36:40] INFO [clickByElement: base.py, 73] 点击元素: 浏览器首页home菜单
[2019-11-14 14:36:40] INFO [elementIsExit: base.py, 147] 查询到元素： 已保存网页
[2019-11-14 14:36:41] INFO [elementIsExit: base.py, 147] 查询到元素： com.android.browser:id/home
[2019-11-14 14:36:41] INFO [clickByElement: base.py, 73] 点击元素: 浏览器首页home菜单
[2019-11-14 14:36:42] INFO [elementIsExit: base.py, 147] 查询到元素： com.android.browser:id/refresh
[2019-11-14 14:36:42] INFO [clickByElement: base.py, 73] 点击元素: 资讯
[2019-11-14 14:36:42] INFO [elementIsExit: base.py, 147] 查询到元素： com.android.browser:id/news_sdk_recycle_item_text_title
[2019-11-14 14:36:43] INFO [elementText: base.py, 213] 提取元素文本: 获取资讯流列表的文章标题内容
[2019-11-14 14:36:43] INFO [elementIsExit: base.py, 147] 查询到元素： 头条
[2019-11-14 14:36:43] INFO [clickByElement: base.py, 73] 点击元素: 点击"X"按钮，进行"删除"文章/频道
[2019-11-14 14:36:44] INFO [elementIsExit: base.py, 147] 查询到元素： 头条
[2019-11-14 14:36:44] INFO [clickByElement: base.py, 73] 点击元素: 点击"X"按钮，进行"删除"文章/频道
[2019-11-14 14:36:44] INFO [elementIsExit: base.py, 147] 查询到元素： com.android.browser:id/news_sdk_recycle_item_text_title
[2019-11-14 14:36:45] INFO [elementText: base.py, 213] 提取元素文本: 获取资讯流列表的文章标题内容
[2019-11-14 14:36:45] INFO [assertEqual: base.py, 199] 元素匹配，断言成功，元素名称为： 15-18日， 梅州兴宁农特产品将亮相对口帮扶区广州天河 孟静娴在宫外，她是如何知道甄钟兴角榈模空媸切南溉绶
[2019-11-14 14:36:45] INFO [news_init: test_NewsPage.py, 29] ****用例执行结束****
[2019-11-14 14:36:45] INFO [news_init: test_NewsPage.py, 30] 
[2019-11-14 14:36:45] INFO [driver_setup: conftest.py, 25] ――――――――――――开始执行自动化测试――――――――――――――――――
[2019-11-14 14:36:47] INFO [news_init: test_NewsPage.py, 21] 
[2019-11-14 14:36:47] INFO [news_init: test_NewsPage.py, 22] ****开始执行用例****
[2019-11-14 14:36:47] INFO [useApp: base.py, 29] stop： com.android.browser
[2019-11-14 14:36:50] INFO [useApp: base.py, 29] start： com.android.browser
[2019-11-14 14:36:53] INFO [elementIsExit: base.py, 147] 查询到元素： com.android.browser:id/home
[2019-11-14 14:36:53] INFO [clickByElement: base.py, 73] 点击元素: 浏览器首页home菜单
[2019-11-14 14:36:55] INFO [elementIsExit: base.py, 147] 查询到元素： 已保存网页
[2019-11-14 14:36:55] INFO [elementIsExit: base.py, 147] 查询到元素： com.android.browser:id/home
[2019-11-14 14:36:56] INFO [clickByElement: base.py, 73] 点击元素: 浏览器首页home菜单
[2019-11-14 14:36:56] INFO [elementIsExit: base.py, 147] 查询到元素： com.android.browser:id/refresh
[2019-11-14 14:36:57] INFO [clickByElement: base.py, 73] 点击元素: 资讯
[2019-11-14 14:36:58] INFO [elementIsExit: base.py, 147] 查询到元素： com.android.browser:id/expend_view
[2019-11-14 14:36:59] INFO [clickByElement: base.py, 73] 点击元素: 资讯流列表点击“倒三角”符号，进入频道管理页面
[2019-11-14 14:37:01] INFO [elementIsExit: base.py, 147] 查询到元素： com.android.browser:id/news_channel_grid_view_added
[2019-11-14 14:37:01] INFO [clickByElement: base.py, 73] 点击元素: 我的频道管理页面，选择点击“频道”，进入资讯流列表
[2019-11-14 14:37:03] INFO [elementIsExit: base.py, 147] 查询到元素： 资讯
[2019-11-14 14:37:06] INFO [dragByElement: base.py, 296] 选择一个位置拖拽到另一个位置： 2次
[2019-11-14 14:37:06] INFO [elementIsExit: base.py, 147] 查询到元素： com.android.browser:id/news_sdk_recycle_item_text_title
[2019-11-14 14:37:06] INFO [elementText: base.py, 213] 提取元素文本: 获取资讯流列表的文章标题内容
[2019-11-14 14:37:07] INFO [elementIsExit: base.py, 147] 查询到元素： com.android.browser:id/news_sdk_recycle_item_text_title
[2019-11-14 14:37:07] INFO [clickByElement: base.py, 73] 点击元素: 在资讯流列表点击资讯文章、视频连播页进入详情页
[2019-11-14 14:37:08] INFO [elementIsExit: base.py, 147] 查询到元素： com.android.browser:id/moremenu
[2019-11-14 14:37:20] INFO [baiduOcr: base.py, 343] 截图后进行图片识别:e:\test\pythontest\browser_app_test\screenshot\20191114143438图片识别.jpg
[2019-11-14 14:37:22] INFO [assertEqual: base.py, 199] 元素匹配，断言成功，元素名称为： 每天洗头还是会头油头皮痒，原来是洗头方式错了！ 每天洗头还是会试试新的工具面板原来是洗头方式错了!荔致11/1414:23:10
[2019-11-14 14:37:22] INFO [news_init: test_NewsPage.py, 29] ****用例执行结束****
[2019-11-14 14:37:22] INFO [news_init: test_NewsPage.py, 30] 
